  graphType.cpp
  linkedListIterator.cpp
  linkedListType.cpp
  linkedQueueType.cpp
E:\GitHub\CS3610\Project5\source\linkedQueueType.h(69,10): error C2143: syntax error: missing ';' before '<'
E:\GitHub\CS3610\Project5\source\linkedQueueType.h(71,2): message : see reference to class template instantiation 'linkedQueueType<Type>' being compiled
E:\GitHub\CS3610\Project5\source\linkedQueueType.h(69,1): error C4430: missing type specifier - int assumed. Note: C++ does not support default-int
E:\GitHub\CS3610\Project5\source\linkedQueueType.h(69,1): error C2238: unexpected token(s) preceding ';'
E:\GitHub\CS3610\Project5\source\linkedQueueType.h(70,10): error C2143: syntax error: missing ';' before '<'
E:\GitHub\CS3610\Project5\source\linkedQueueType.h(70,1): error C4430: missing type specifier - int assumed. Note: C++ does not support default-int
E:\GitHub\CS3610\Project5\source\linkedQueueType.h(70,1): error C2238: unexpected token(s) preceding ';'
E:\GitHub\CS3610\Project5\source\linkedQueueType.cpp(11,10): error C2065: 'queueFront': undeclared identifier
E:\GitHub\CS3610\Project5\source\linkedQueueType.cpp(11,10): error C3861: 'queueFront': identifier not found
E:\GitHub\CS3610\Project5\source\linkedQueueType.cpp(19,2): error C3861: 'nodeType': identifier not found
E:\GitHub\CS3610\Project5\source\linkedQueueType.cpp(19,18): error C2065: 'temp': undeclared identifier
E:\GitHub\CS3610\Project5\source\linkedQueueType.cpp(19,18): error C3861: 'temp': identifier not found
E:\GitHub\CS3610\Project5\source\linkedQueueType.cpp(20,9): error C2065: 'queueFront': undeclared identifier
E:\GitHub\CS3610\Project5\source\linkedQueueType.cpp(20,9): error C3861: 'queueFront': identifier not found
E:\GitHub\CS3610\Project5\source\linkedQueueType.cpp(23,3): error C3861: 'temp': identifier not found
E:\GitHub\CS3610\Project5\source\linkedQueueType.cpp(23,10): error C3861: 'queueFront': identifier not found
E:\GitHub\CS3610\Project5\source\linkedQueueType.cpp(24,3): error C3861: 'queueFront': identifier not found
E:\GitHub\CS3610\Project5\source\linkedQueueType.cpp(24,16): error C3861: 'queueFront': identifier not found
E:\GitHub\CS3610\Project5\source\linkedQueueType.cpp(26,10): error C3861: 'temp': identifier not found
E:\GitHub\CS3610\Project5\source\linkedQueueType.cpp(28,2): error C3861: 'queueRear': identifier not found
E:\GitHub\CS3610\Project5\source\linkedQueueType.cpp(19,2): error C2065: 'nodeType': undeclared identifier
E:\GitHub\CS3610\Project5\source\linkedQueueType.cpp(23,3): error C2065: 'temp': undeclared identifier
E:\GitHub\CS3610\Project5\source\linkedQueueType.cpp(23,10): error C2065: 'queueFront': undeclared identifier
E:\GitHub\CS3610\Project5\source\linkedQueueType.cpp(24,3): error C2065: 'queueFront': undeclared identifier
E:\GitHub\CS3610\Project5\source\linkedQueueType.cpp(24,16): error C2065: 'queueFront': undeclared identifier
E:\GitHub\CS3610\Project5\source\linkedQueueType.cpp(26,10): error C2065: 'temp': undeclared identifier
E:\GitHub\CS3610\Project5\source\linkedQueueType.cpp(28,2): error C2065: 'queueRear': undeclared identifier
E:\GitHub\CS3610\Project5\source\linkedQueueType.cpp(32,2): error C2065: 'nodeType': undeclared identifier
E:\GitHub\CS3610\Project5\source\linkedQueueType.cpp(32,18): error C2065: 'newNode': undeclared identifier
E:\GitHub\CS3610\Project5\source\linkedQueueType.cpp(33,2): error C2065: 'newNode': undeclared identifier
E:\GitHub\CS3610\Project5\source\linkedQueueType.cpp(33,16): error C2065: 'nodeType': undeclared identifier
E:\GitHub\CS3610\Project5\source\linkedQueueType.cpp(33,16): error C2760: syntax error: 'nodeType' was unexpected here; expected 'type specifier'
E:\GitHub\CS3610\Project5\source\linkedQueueType.cpp(33,24): error C3878: syntax error: unexpected token '<' following 'expression'
E:\GitHub\CS3610\Project5\source\linkedQueueType.cpp(33,24): message : error recovery skipped: '< identifier >'
E:\GitHub\CS3610\Project5\source\linkedQueueType.cpp(34,2): error C2065: 'newNode': undeclared identifier
E:\GitHub\CS3610\Project5\source\linkedQueueType.cpp(35,2): error C2065: 'newNode': undeclared identifier
E:\GitHub\CS3610\Project5\source\linkedQueueType.cpp(36,6): error C2065: 'queueFront': undeclared identifier
E:\GitHub\CS3610\Project5\source\linkedQueueType.cpp(38,3): error C2065: 'queueFront': undeclared identifier
E:\GitHub\CS3610\Project5\source\linkedQueueType.cpp(38,16): error C2065: 'newNode': undeclared identifier
E:\GitHub\CS3610\Project5\source\linkedQueueType.cpp(39,3): error C2065: 'queueRear': undeclared identifier
E:\GitHub\CS3610\Project5\source\linkedQueueType.cpp(39,15): error C2065: 'newNode': undeclared identifier
E:\GitHub\CS3610\Project5\source\linkedQueueType.cpp(43,3): error C2065: 'queueRear': undeclared identifier
E:\GitHub\CS3610\Project5\source\linkedQueueType.cpp(43,21): error C2065: 'newNode': undeclared identifier
E:\GitHub\CS3610\Project5\source\linkedQueueType.cpp(44,3): error C2065: 'queueRear': undeclared identifier
E:\GitHub\CS3610\Project5\source\linkedQueueType.cpp(44,15): error C2065: 'queueRear': undeclared identifier
E:\GitHub\CS3610\Project5\source\linkedQueueType.cpp(49,9): error C2065: 'queueFront': undeclared identifier
E:\GitHub\CS3610\Project5\source\linkedQueueType.cpp(49,9): error C3861: 'queueFront': identifier not found
E:\GitHub\CS3610\Project5\source\linkedQueueType.cpp(50,9): error C3861: 'queueFront': identifier not found
E:\GitHub\CS3610\Project5\source\linkedQueueType.cpp(50,9): error C2065: 'queueFront': undeclared identifier
E:\GitHub\CS3610\Project5\source\linkedQueueType.cpp(54,9): error C2065: 'queueRear': undeclared identifier
E:\GitHub\CS3610\Project5\source\linkedQueueType.cpp(54,9): error C3861: 'queueRear': identifier not found
E:\GitHub\CS3610\Project5\source\linkedQueueType.cpp(55,9): error C3861: 'queueRear': identifier not found
E:\GitHub\CS3610\Project5\source\linkedQueueType.cpp(55,9): error C2065: 'queueRear': undeclared identifier
E:\GitHub\CS3610\Project5\source\linkedQueueType.cpp(59,2): error C3861: 'nodeType': identifier not found
E:\GitHub\CS3610\Project5\source\linkedQueueType.cpp(59,18): error C2065: 'temp': undeclared identifier
E:\GitHub\CS3610\Project5\source\linkedQueueType.cpp(59,18): error C3861: 'temp': identifier not found
E:\GitHub\CS3610\Project5\source\linkedQueueType.cpp(61,3): error C3861: 'temp': identifier not found
E:\GitHub\CS3610\Project5\source\linkedQueueType.cpp(61,10): error C3861: 'queueFront': identifier not found
E:\GitHub\CS3610\Project5\source\linkedQueueType.cpp(62,3): error C3861: 'queueFront': identifier not found
E:\GitHub\CS3610\Project5\source\linkedQueueType.cpp(62,16): error C3861: 'queueFront': identifier not found
E:\GitHub\CS3610\Project5\source\linkedQueueType.cpp(63,10): error C3861: 'temp': identifier not found
E:\GitHub\CS3610\Project5\source\linkedQueueType.cpp(64,7): error C2065: 'queueFront': undeclared identifier
E:\GitHub\CS3610\Project5\source\linkedQueueType.cpp(64,7): error C3861: 'queueFront': identifier not found
E:\GitHub\CS3610\Project5\source\linkedQueueType.cpp(66,4): error C3861: 'queueRear': identifier not found
E:\GitHub\CS3610\Project5\source\linkedQueueType.cpp(59,2): error C2065: 'nodeType': undeclared identifier
C:\Program Files\Microsoft Visual Studio\2022\Community\VC\Tools\MSVC\14.35.32215\include\system_error(44): message : see reference to class template instantiation 'std::is_error_code_enum<const char *>' being compiled
C:\Program Files\Microsoft Visual Studio\2022\Community\VC\Tools\MSVC\14.35.32215\include\system_error(38): message : see reference to variable template 'const bool is_error_code_enum_v<char const *>' being compiled
E:\GitHub\CS3610\Project5\source\linkedQueueType.cpp(61,3): error C2065: 'temp': undeclared identifier
E:\GitHub\CS3610\Project5\source\linkedQueueType.cpp(61,10): error C2065: 'queueFront': undeclared identifier
E:\GitHub\CS3610\Project5\source\linkedQueueType.cpp(62,3): error C2065: 'queueFront': undeclared identifier
E:\GitHub\CS3610\Project5\source\linkedQueueType.cpp(62,16): error C2065: 'queueFront': undeclared identifier
E:\GitHub\CS3610\Project5\source\linkedQueueType.cpp(63,10): error C2065: 'temp': undeclared identifier
E:\GitHub\CS3610\Project5\source\linkedQueueType.cpp(66,4): error C2065: 'queueRear': undeclared identifier
E:\GitHub\CS3610\Project5\source\linkedQueueType.cpp(69,8): error C2679: binary '<<': no operator found which takes a right-hand operand of type 'overloaded-function' (or there is no acceptable conversion)
C:\Program Files\Microsoft Visual Studio\2022\Community\VC\Tools\MSVC\14.35.32215\include\ostream(475,39): message : could be 'std::basic_ostream<char,std::char_traits<char>> &std::basic_ostream<char,std::char_traits<char>>::operator <<(std::basic_streambuf<char,std::char_traits<char>> *)'
C:\Program Files\Microsoft Visual Studio\2022\Community\VC\Tools\MSVC\14.35.32215\include\ostream(443,39): message : or       'std::basic_ostream<char,std::char_traits<char>> &std::basic_ostream<char,std::char_traits<char>>::operator <<(const void *)'
C:\Program Files\Microsoft Visual Studio\2022\Community\VC\Tools\MSVC\14.35.32215\include\ostream(425,39): message : or       'std::basic_ostream<char,std::char_traits<char>> &std::basic_ostream<char,std::char_traits<char>>::operator <<(long double)'
C:\Program Files\Microsoft Visual Studio\2022\Community\VC\Tools\MSVC\14.35.32215\include\ostream(407,39): message : or       'std::basic_ostream<char,std::char_traits<char>> &std::basic_ostream<char,std::char_traits<char>>::operator <<(double)'
C:\Program Files\Microsoft Visual Studio\2022\Community\VC\Tools\MSVC\14.35.32215\include\ostream(389,39): message : or       'std::basic_ostream<char,std::char_traits<char>> &std::basic_ostream<char,std::char_traits<char>>::operator <<(float)'
C:\Program Files\Microsoft Visual Studio\2022\Community\VC\Tools\MSVC\14.35.32215\include\ostream(371,39): message : or       'std::basic_ostream<char,std::char_traits<char>> &std::basic_ostream<char,std::char_traits<char>>::operator <<(unsigned __int64)'
C:\Program Files\Microsoft Visual Studio\2022\Community\VC\Tools\MSVC\14.35.32215\include\ostream(353,39): message : or       'std::basic_ostream<char,std::char_traits<char>> &std::basic_ostream<char,std::char_traits<char>>::operator <<(__int64)'
C:\Program Files\Microsoft Visual Studio\2022\Community\VC\Tools\MSVC\14.35.32215\include\ostream(335,39): message : or       'std::basic_ostream<char,std::char_traits<char>> &std::basic_ostream<char,std::char_traits<char>>::operator <<(unsigned long)'
C:\Program Files\Microsoft Visual Studio\2022\Community\VC\Tools\MSVC\14.35.32215\include\ostream(317,39): message : or       'std::basic_ostream<char,std::char_traits<char>> &std::basic_ostream<char,std::char_traits<char>>::operator <<(long)'
C:\Program Files\Microsoft Visual Studio\2022\Community\VC\Tools\MSVC\14.35.32215\include\ostream(298,39): message : or       'std::basic_ostream<char,std::char_traits<char>> &std::basic_ostream<char,std::char_traits<char>>::operator <<(unsigned int)'
C:\Program Files\Microsoft Visual Studio\2022\Community\VC\Tools\MSVC\14.35.32215\include\ostream(272,39): message : or       'std::basic_ostream<char,std::char_traits<char>> &std::basic_ostream<char,std::char_traits<char>>::operator <<(int)'
C:\Program Files\Microsoft Visual Studio\2022\Community\VC\Tools\MSVC\14.35.32215\include\ostream(253,39): message : or       'std::basic_ostream<char,std::char_traits<char>> &std::basic_ostream<char,std::char_traits<char>>::operator <<(unsigned short)'
C:\Program Files\Microsoft Visual Studio\2022\Community\VC\Tools\MSVC\14.35.32215\include\ostream(219,39): message : or       'std::basic_ostream<char,std::char_traits<char>> &std::basic_ostream<char,std::char_traits<char>>::operator <<(short)'
C:\Program Files\Microsoft Visual Studio\2022\Community\VC\Tools\MSVC\14.35.32215\include\ostream(201,39): message : or       'std::basic_ostream<char,std::char_traits<char>> &std::basic_ostream<char,std::char_traits<char>>::operator <<(bool)'
C:\Program Files\Microsoft Visual Studio\2022\Community\VC\Tools\MSVC\14.35.32215\include\ostream(195,39): message : or       'std::basic_ostream<char,std::char_traits<char>> &std::basic_ostream<char,std::char_traits<char>>::operator <<(std::ios_base &(__cdecl *)(std::ios_base &))'
C:\Program Files\Microsoft Visual Studio\2022\Community\VC\Tools\MSVC\14.35.32215\include\ostream(189,39): message : or       'std::basic_ostream<char,std::char_traits<char>> &std::basic_ostream<char,std::char_traits<char>>::operator <<(std::basic_ios<char,std::char_traits<char>> &(__cdecl *)(std::basic_ios<char,std::char_traits<char>> &))'
C:\Program Files\Microsoft Visual Studio\2022\Community\VC\Tools\MSVC\14.35.32215\include\ostream(184,39): message : or       'std::basic_ostream<char,std::char_traits<char>> &std::basic_ostream<char,std::char_traits<char>>::operator <<(std::basic_ostream<char,std::char_traits<char>> &(__cdecl *)(std::basic_ostream<char,std::char_traits<char>> &))'
C:\Program Files\Microsoft Visual Studio\2022\Community\VC\Tools\MSVC\14.35.32215\include\ostream(1075,32): message : or       'std::basic_ostream<_Elem,_Traits> &std::operator <<(std::basic_ostream<_Elem,_Traits> &,const std::error_code &)'
E:\GitHub\CS3610\Project5\source\linkedQueueType.cpp(69,50): message : 'initializing': cannot convert from 'std::basic_ostream<_Elem,_Traits> &(__cdecl *)(std::basic_ostream<_Elem,_Traits> &)' to 'const std::error_code &'
E:\GitHub\CS3610\Project5\source\linkedQueueType.cpp(69,50): message : Reason: cannot convert from 'overloaded-function' to 'const std::error_code'
E:\GitHub\CS3610\Project5\source\linkedQueueType.cpp(69,50): message : No constructor could take the source type, or constructor overload resolution was ambiguous
C:\Program Files\Microsoft Visual Studio\2022\Community\VC\Tools\MSVC\14.35.32215\include\ostream(998,9): message : or       '_Ostr &&std::operator <<(_Ostr &&,const _Ty &)'
E:\GitHub\CS3610\Project5\source\linkedQueueType.cpp(70): message : '_Ostr &&std::operator <<(_Ostr &&,const _Ty &)': could not deduce template argument for '_Ty'
C:\Program Files\Microsoft Visual Studio\2022\Community\VC\Tools\MSVC\14.35.32215\include\ostream(940,31): message : or       'std::basic_ostream<char,_Traits> &std::operator <<(std::basic_ostream<char,_Traits> &,unsigned char)'
E:\GitHub\CS3610\Project5\source\linkedQueueType.cpp(69,50): message : 'initializing': cannot convert from 'std::basic_ostream<_Elem,_Traits> &(__cdecl *)(std::basic_ostream<_Elem,_Traits> &)' to 'unsigned char'
E:\GitHub\CS3610\Project5\source\linkedQueueType.cpp(69,50): message : Context does not allow for disambiguation of overloaded function
C:\Program Files\Microsoft Visual Studio\2022\Community\VC\Tools\MSVC\14.35.32215\include\ostream(934,31): message : or       'std::basic_ostream<char,_Traits> &std::operator <<(std::basic_ostream<char,_Traits> &,const unsigned char *)'
E:\GitHub\CS3610\Project5\source\linkedQueueType.cpp(69,50): message : 'initializing': cannot convert from 'std::basic_ostream<_Elem,_Traits> &(__cdecl *)(std::basic_ostream<_Elem,_Traits> &)' to 'const unsigned char *'
E:\GitHub\CS3610\Project5\source\linkedQueueType.cpp(69,50): message : Context does not allow for disambiguation of overloaded function
C:\Program Files\Microsoft Visual Studio\2022\Community\VC\Tools\MSVC\14.35.32215\include\ostream(929,31): message : or       'std::basic_ostream<char,_Traits> &std::operator <<(std::basic_ostream<char,_Traits> &,signed char)'
E:\GitHub\CS3610\Project5\source\linkedQueueType.cpp(69,50): message : 'initializing': cannot convert from 'std::basic_ostream<_Elem,_Traits> &(__cdecl *)(std::basic_ostream<_Elem,_Traits> &)' to 'signed char'
E:\GitHub\CS3610\Project5\source\linkedQueueType.cpp(69,50): message : Context does not allow for disambiguation of overloaded function
C:\Program Files\Microsoft Visual Studio\2022\Community\VC\Tools\MSVC\14.35.32215\include\ostream(923,31): message : or       'std::basic_ostream<char,_Traits> &std::operator <<(std::basic_ostream<char,_Traits> &,const signed char *)'
E:\GitHub\CS3610\Project5\source\linkedQueueType.cpp(69,50): message : 'initializing': cannot convert from 'std::basic_ostream<_Elem,_Traits> &(__cdecl *)(std::basic_ostream<_Elem,_Traits> &)' to 'const signed char *'
E:\GitHub\CS3610\Project5\source\linkedQueueType.cpp(69,50): message : Context does not allow for disambiguation of overloaded function
C:\Program Files\Microsoft Visual Studio\2022\Community\VC\Tools\MSVC\14.35.32215\include\ostream(887,32): message : or       'std::basic_ostream<_Elem,_Traits> &std::operator <<(std::basic_ostream<_Elem,_Traits> &,_Elem)'
E:\GitHub\CS3610\Project5\source\linkedQueueType.cpp(69,8): message : Failed to specialize function template 'std::basic_ostream<_Elem,_Traits> &std::operator <<(std::basic_ostream<_Elem,_Traits> &,_Elem)'
E:\GitHub\CS3610\Project5\source\linkedQueueType.cpp(69,8): message : With the following template arguments:
E:\GitHub\CS3610\Project5\source\linkedQueueType.cpp(69,8): message : '_Elem=char'
E:\GitHub\CS3610\Project5\source\linkedQueueType.cpp(69,8): message : '_Traits=std::char_traits<char>'
C:\Program Files\Microsoft Visual Studio\2022\Community\VC\Tools\MSVC\14.35.32215\include\ostream(844,32): message : or       'std::basic_ostream<_Elem,_Traits> &std::operator <<(std::basic_ostream<_Elem,_Traits> &,const _Elem *)'
E:\GitHub\CS3610\Project5\source\linkedQueueType.cpp(69,8): message : Failed to specialize function template 'std::basic_ostream<_Elem,_Traits> &std::operator <<(std::basic_ostream<_Elem,_Traits> &,const _Elem *)'
E:\GitHub\CS3610\Project5\source\linkedQueueType.cpp(69,8): message : With the following template arguments:
E:\GitHub\CS3610\Project5\source\linkedQueueType.cpp(69,8): message : '_Elem=char'
E:\GitHub\CS3610\Project5\source\linkedQueueType.cpp(69,8): message : '_Traits=std::char_traits<char>'
C:\Program Files\Microsoft Visual Studio\2022\Community\VC\Tools\MSVC\14.35.32215\include\ostream(806,31): message : or       'std::basic_ostream<char,_Traits> &std::operator <<(std::basic_ostream<char,_Traits> &,char)'
E:\GitHub\CS3610\Project5\source\linkedQueueType.cpp(69,50): message : 'initializing': cannot convert from 'std::basic_ostream<_Elem,_Traits> &(__cdecl *)(std::basic_ostream<_Elem,_Traits> &)' to 'char'
E:\GitHub\CS3610\Project5\source\linkedQueueType.cpp(69,50): message : Context does not allow for disambiguation of overloaded function
C:\Program Files\Microsoft Visual Studio\2022\Community\VC\Tools\MSVC\14.35.32215\include\ostream(761,31): message : or       'std::basic_ostream<char,_Traits> &std::operator <<(std::basic_ostream<char,_Traits> &,const char *)'
E:\GitHub\CS3610\Project5\source\linkedQueueType.cpp(69,50): message : 'initializing': cannot convert from 'std::basic_ostream<_Elem,_Traits> &(__cdecl *)(std::basic_ostream<_Elem,_Traits> &)' to 'const char *'
E:\GitHub\CS3610\Project5\source\linkedQueueType.cpp(69,50): message : Context does not allow for disambiguation of overloaded function
C:\Program Files\Microsoft Visual Studio\2022\Community\VC\Tools\MSVC\14.35.32215\include\ostream(725,32): message : or       'std::basic_ostream<_Elem,_Traits> &std::operator <<(std::basic_ostream<_Elem,_Traits> &,char)'
E:\GitHub\CS3610\Project5\source\linkedQueueType.cpp(69,50): message : 'initializing': cannot convert from 'std::basic_ostream<_Elem,_Traits> &(__cdecl *)(std::basic_ostream<_Elem,_Traits> &)' to 'char'
E:\GitHub\CS3610\Project5\source\linkedQueueType.cpp(69,50): message : Context does not allow for disambiguation of overloaded function
C:\Program Files\Microsoft Visual Studio\2022\Community\VC\Tools\MSVC\14.35.32215\include\ostream(681,32): message : or       'std::basic_ostream<_Elem,_Traits> &std::operator <<(std::basic_ostream<_Elem,_Traits> &,const char *)'
E:\GitHub\CS3610\Project5\source\linkedQueueType.cpp(69,50): message : 'initializing': cannot convert from 'std::basic_ostream<_Elem,_Traits> &(__cdecl *)(std::basic_ostream<_Elem,_Traits> &)' to 'const char *'
E:\GitHub\CS3610\Project5\source\linkedQueueType.cpp(69,50): message : Context does not allow for disambiguation of overloaded function
C:\Program Files\Microsoft Visual Studio\2022\Community\VC\Tools\MSVC\14.35.32215\include\memory(3557,32): message : or       'std::basic_ostream<_Elem,_Traits> &std::operator <<(std::basic_ostream<_Elem,_Traits> &,const std::unique_ptr<_Ty2,_Dx2> &)'
E:\GitHub\CS3610\Project5\source\linkedQueueType.cpp(70): message : 'std::basic_ostream<_Elem,_Traits> &std::operator <<(std::basic_ostream<_Elem,_Traits> &,const std::unique_ptr<_Ty2,_Dx2> &)': could not deduce template argument for '_Yty'
E:\GitHub\CS3610\Project5\source\linkedQueueType.cpp(70): message : 'std::basic_ostream<_Elem,_Traits> &std::operator <<(std::basic_ostream<_Elem,_Traits> &,const std::unique_ptr<_Ty2,_Dx2> &)': could not deduce template argument for '_Dx'
C:\Program Files\Microsoft Visual Studio\2022\Community\VC\Tools\MSVC\14.35.32215\include\memory(1875,32): message : or       'std::basic_ostream<_Elem,_Traits> &std::operator <<(std::basic_ostream<_Elem,_Traits> &,const std::shared_ptr<_Ty> &)'
E:\GitHub\CS3610\Project5\source\linkedQueueType.cpp(70): message : 'std::basic_ostream<_Elem,_Traits> &std::operator <<(std::basic_ostream<_Elem,_Traits> &,const std::shared_ptr<_Ty> &)': could not deduce template argument for '_Ty'
C:\Program Files\Microsoft Visual Studio\2022\Community\VC\Tools\MSVC\14.35.32215\include\xstring(5366,32): message : or       'std::basic_ostream<_Elem,_Traits> &std::operator <<(std::basic_ostream<_Elem,_Traits> &,const std::basic_string<_Elem,_Traits,_Alloc> &)'
E:\GitHub\CS3610\Project5\source\linkedQueueType.cpp(70): message : 'std::basic_ostream<_Elem,_Traits> &std::operator <<(std::basic_ostream<_Elem,_Traits> &,const std::basic_string<_Elem,_Traits,_Alloc> &)': could not deduce template argument for '_Alloc'
C:\Program Files\Microsoft Visual Studio\2022\Community\VC\Tools\MSVC\14.35.32215\include\xstring(5366,32): message : or       'std::basic_ostream<_Elem,_Traits> &std::operator <<(std::basic_ostream<_Elem,_Traits> &,const std::basic_string<_Elem,_Traits,_Alloc> &)'
E:\GitHub\CS3610\Project5\source\linkedQueueType.cpp(70): message : 'std::basic_ostream<_Elem,_Traits> &std::operator <<(std::basic_ostream<_Elem,_Traits> &,const std::basic_string<_Elem,_Traits,_Alloc> &)': could not deduce template argument for '_Alloc'
C:\Program Files\Microsoft Visual Studio\2022\Community\VC\Tools\MSVC\14.35.32215\include\memory(1875,32): message : or       'std::basic_ostream<_Elem,_Traits> &std::operator <<(std::basic_ostream<_Elem,_Traits> &,const std::shared_ptr<_Ty> &)'
E:\GitHub\CS3610\Project5\source\linkedQueueType.cpp(70): message : 'std::basic_ostream<_Elem,_Traits> &std::operator <<(std::basic_ostream<_Elem,_Traits> &,const std::shared_ptr<_Ty> &)': could not deduce template argument for '_Ty'
C:\Program Files\Microsoft Visual Studio\2022\Community\VC\Tools\MSVC\14.35.32215\include\memory(3557,32): message : or       'std::basic_ostream<_Elem,_Traits> &std::operator <<(std::basic_ostream<_Elem,_Traits> &,const std::unique_ptr<_Ty2,_Dx2> &)'
E:\GitHub\CS3610\Project5\source\linkedQueueType.cpp(70): message : 'std::basic_ostream<_Elem,_Traits> &std::operator <<(std::basic_ostream<_Elem,_Traits> &,const std::unique_ptr<_Ty2,_Dx2> &)': could not deduce template argument for '_Yty'
E:\GitHub\CS3610\Project5\source\linkedQueueType.cpp(70): message : 'std::basic_ostream<_Elem,_Traits> &std::operator <<(std::basic_ostream<_Elem,_Traits> &,const std::unique_ptr<_Ty2,_Dx2> &)': could not deduce template argument for '_Dx'
C:\Program Files\Microsoft Visual Studio\2022\Community\VC\Tools\MSVC\14.35.32215\include\ostream(681,32): message : or       'std::basic_ostream<_Elem,_Traits> &std::operator <<(std::basic_ostream<_Elem,_Traits> &,const char *)'
E:\GitHub\CS3610\Project5\source\linkedQueueType.cpp(69,50): message : 'initializing': cannot convert from 'std::basic_ostream<_Elem,_Traits> &(__cdecl *)(std::basic_ostream<_Elem,_Traits> &)' to 'const char *'
E:\GitHub\CS3610\Project5\source\linkedQueueType.cpp(69,50): message : Context does not allow for disambiguation of overloaded function
C:\Program Files\Microsoft Visual Studio\2022\Community\VC\Tools\MSVC\14.35.32215\include\ostream(725,32): message : or       'std::basic_ostream<_Elem,_Traits> &std::operator <<(std::basic_ostream<_Elem,_Traits> &,char)'
E:\GitHub\CS3610\Project5\source\linkedQueueType.cpp(69,50): message : 'initializing': cannot convert from 'std::basic_ostream<_Elem,_Traits> &(__cdecl *)(std::basic_ostream<_Elem,_Traits> &)' to 'char'
E:\GitHub\CS3610\Project5\source\linkedQueueType.cpp(69,50): message : Context does not allow for disambiguation of overloaded function
C:\Program Files\Microsoft Visual Studio\2022\Community\VC\Tools\MSVC\14.35.32215\include\ostream(761,31): message : or       'std::basic_ostream<char,_Traits> &std::operator <<(std::basic_ostream<char,_Traits> &,const char *)'
E:\GitHub\CS3610\Project5\source\linkedQueueType.cpp(69,50): message : 'initializing': cannot convert from 'std::basic_ostream<_Elem,_Traits> &(__cdecl *)(std::basic_ostream<_Elem,_Traits> &)' to 'const char *'
E:\GitHub\CS3610\Project5\source\linkedQueueType.cpp(69,50): message : Context does not allow for disambiguation of overloaded function
C:\Program Files\Microsoft Visual Studio\2022\Community\VC\Tools\MSVC\14.35.32215\include\ostream(806,31): message : or       'std::basic_ostream<char,_Traits> &std::operator <<(std::basic_ostream<char,_Traits> &,char)'
E:\GitHub\CS3610\Project5\source\linkedQueueType.cpp(69,50): message : 'initializing': cannot convert from 'std::basic_ostream<_Elem,_Traits> &(__cdecl *)(std::basic_ostream<_Elem,_Traits> &)' to 'char'
E:\GitHub\CS3610\Project5\source\linkedQueueType.cpp(69,50): message : Context does not allow for disambiguation of overloaded function
C:\Program Files\Microsoft Visual Studio\2022\Community\VC\Tools\MSVC\14.35.32215\include\ostream(844,32): message : or       'std::basic_ostream<_Elem,_Traits> &std::operator <<(std::basic_ostream<_Elem,_Traits> &,const _Elem *)'
E:\GitHub\CS3610\Project5\source\linkedQueueType.cpp(69,8): message : Failed to specialize function template 'std::basic_ostream<_Elem,_Traits> &std::operator <<(std::basic_ostream<_Elem,_Traits> &,const _Elem *)'
E:\GitHub\CS3610\Project5\source\linkedQueueType.cpp(69,8): message : With the following template arguments:
E:\GitHub\CS3610\Project5\source\linkedQueueType.cpp(69,8): message : '_Elem=char'
E:\GitHub\CS3610\Project5\source\linkedQueueType.cpp(69,8): message : '_Traits=std::char_traits<char>'
C:\Program Files\Microsoft Visual Studio\2022\Community\VC\Tools\MSVC\14.35.32215\include\ostream(887,32): message : or       'std::basic_ostream<_Elem,_Traits> &std::operator <<(std::basic_ostream<_Elem,_Traits> &,_Elem)'
E:\GitHub\CS3610\Project5\source\linkedQueueType.cpp(69,8): message : Failed to specialize function template 'std::basic_ostream<_Elem,_Traits> &std::operator <<(std::basic_ostream<_Elem,_Traits> &,_Elem)'
E:\GitHub\CS3610\Project5\source\linkedQueueType.cpp(69,8): message : With the following template arguments:
E:\GitHub\CS3610\Project5\source\linkedQueueType.cpp(69,8): message : '_Elem=char'
E:\GitHub\CS3610\Project5\source\linkedQueueType.cpp(69,8): message : '_Traits=std::char_traits<char>'
C:\Program Files\Microsoft Visual Studio\2022\Community\VC\Tools\MSVC\14.35.32215\include\ostream(923,31): message : or       'std::basic_ostream<char,_Traits> &std::operator <<(std::basic_ostream<char,_Traits> &,const signed char *)'
E:\GitHub\CS3610\Project5\source\linkedQueueType.cpp(69,50): message : 'initializing': cannot convert from 'std::basic_ostream<_Elem,_Traits> &(__cdecl *)(std::basic_ostream<_Elem,_Traits> &)' to 'const signed char *'
E:\GitHub\CS3610\Project5\source\linkedQueueType.cpp(69,50): message : Context does not allow for disambiguation of overloaded function
C:\Program Files\Microsoft Visual Studio\2022\Community\VC\Tools\MSVC\14.35.32215\include\ostream(929,31): message : or       'std::basic_ostream<char,_Traits> &std::operator <<(std::basic_ostream<char,_Traits> &,signed char)'
E:\GitHub\CS3610\Project5\source\linkedQueueType.cpp(69,50): message : 'initializing': cannot convert from 'std::basic_ostream<_Elem,_Traits> &(__cdecl *)(std::basic_ostream<_Elem,_Traits> &)' to 'signed char'
E:\GitHub\CS3610\Project5\source\linkedQueueType.cpp(69,50): message : Context does not allow for disambiguation of overloaded function
C:\Program Files\Microsoft Visual Studio\2022\Community\VC\Tools\MSVC\14.35.32215\include\ostream(934,31): message : or       'std::basic_ostream<char,_Traits> &std::operator <<(std::basic_ostream<char,_Traits> &,const unsigned char *)'
E:\GitHub\CS3610\Project5\source\linkedQueueType.cpp(69,50): message : 'initializing': cannot convert from 'std::basic_ostream<_Elem,_Traits> &(__cdecl *)(std::basic_ostream<_Elem,_Traits> &)' to 'const unsigned char *'
E:\GitHub\CS3610\Project5\source\linkedQueueType.cpp(69,50): message : Context does not allow for disambiguation of overloaded function
C:\Program Files\Microsoft Visual Studio\2022\Community\VC\Tools\MSVC\14.35.32215\include\ostream(940,31): message : or       'std::basic_ostream<char,_Traits> &std::operator <<(std::basic_ostream<char,_Traits> &,unsigned char)'
E:\GitHub\CS3610\Project5\source\linkedQueueType.cpp(69,50): message : 'initializing': cannot convert from 'std::basic_ostream<_Elem,_Traits> &(__cdecl *)(std::basic_ostream<_Elem,_Traits> &)' to 'unsigned char'
E:\GitHub\CS3610\Project5\source\linkedQueueType.cpp(69,50): message : Context does not allow for disambiguation of overloaded function
C:\Program Files\Microsoft Visual Studio\2022\Community\VC\Tools\MSVC\14.35.32215\include\ostream(998,9): message : or       '_Ostr &&std::operator <<(_Ostr &&,const _Ty &)'
E:\GitHub\CS3610\Project5\source\linkedQueueType.cpp(70): message : '_Ostr &&std::operator <<(_Ostr &&,const _Ty &)': could not deduce template argument for '_Ty'
C:\Program Files\Microsoft Visual Studio\2022\Community\VC\Tools\MSVC\14.35.32215\include\ostream(1075,32): message : or       'std::basic_ostream<_Elem,_Traits> &std::operator <<(std::basic_ostream<_Elem,_Traits> &,const std::error_code &)'
E:\GitHub\CS3610\Project5\source\linkedQueueType.cpp(69,50): message : 'initializing': cannot convert from 'std::basic_ostream<_Elem,_Traits> &(__cdecl *)(std::basic_ostream<_Elem,_Traits> &)' to 'const std::error_code &'
E:\GitHub\CS3610\Project5\source\linkedQueueType.cpp(69,50): message : Reason: cannot convert from 'overloaded-function' to 'const std::error_code'
E:\GitHub\CS3610\Project5\source\linkedQueueType.cpp(69,50): message : No constructor could take the source type, or constructor overload resolution was ambiguous
E:\GitHub\CS3610\Project5\source\linkedQueueType.cpp(69,8): message : while trying to match the argument list '(std::basic_ostream<char,std::char_traits<char>>, overloaded-function)'
E:\GitHub\CS3610\Project5\source\linkedQueueType.cpp(73,2): error C3861: 'queueFront': identifier not found
E:\GitHub\CS3610\Project5\source\linkedQueueType.cpp(74,2): error C3861: 'queueRear': identifier not found
E:\GitHub\CS3610\Project5\source\linkedQueueType.cpp(73,2): error C2065: 'queueFront': undeclared identifier
E:\GitHub\CS3610\Project5\source\linkedQueueType.cpp(74,2): error C2065: 'queueRear': undeclared identifier
  main.cpp
  unorderedLinkedList.cpp
E:\GitHub\CS3610\Project5\source\unorderedLinkedList.cpp(103): error C2563: mismatch in formal parameter list
  weightedGraphType.cpp
E:\GitHub\CS3610\Project5\source\graphType.h(10,17): error C2011: 'graphType': 'class' type redefinition
E:\GitHub\CS3610\Project5\source\graphType.h(10,7): message : see declaration of 'graphType'
E:\GitHub\CS3610\Project5\source\weightedGraphType.cpp(18,22): error C2065: 'gSize': undeclared identifier
E:\GitHub\CS3610\Project5\source\weightedGraphType.cpp(21,25): error C2065: 'gSize': undeclared identifier
E:\GitHub\CS3610\Project5\source\weightedGraphType.cpp(22,22): error C2065: 'gSize': undeclared identifier
E:\GitHub\CS3610\Project5\source\weightedGraphType.cpp(26,22): error C2065: 'gSize': undeclared identifier
E:\GitHub\CS3610\Project5\source\weightedGraphType.cpp(29,23): error C2065: 'gSize': undeclared identifier
E:\GitHub\CS3610\Project5\source\weightedGraphType.cpp(36,23): error C2065: 'gSize': undeclared identifier
E:\GitHub\CS3610\Project5\source\weightedGraphType.cpp(48,22): error C2065: 'gSize': undeclared identifier
E:\GitHub\CS3610\Project5\source\weightedGraphType.cpp(55,20): error C2027: use of undefined type 'graphType'
E:\GitHub\CS3610\Project5\source\graphType.h(10,7): message : see declaration of 'graphType'
E:\GitHub\CS3610\Project5\source\weightedGraphType.cpp(64,41): error C2027: use of undefined type 'graphType'
E:\GitHub\CS3610\Project5\source\graphType.h(10,7): message : see declaration of 'graphType'
E:\GitHub\CS3610\Project5\source\weightedGraphType.cpp(67,18): error C2541: 'delete': cannot delete objects that are not pointers
E:\GitHub\CS3610\Project5\source\weightedGraphType.cpp(68,23): error C2541: 'delete': cannot delete objects that are not pointers
  Running Code Analysis for C/C++...
  Generating Code...
